{"/Users/fabianoad/Applications-IBM/atm-kata-xp-farm/src/index.js": {"path":"/Users/fabianoad/Applications-IBM/atm-kata-xp-farm/src/index.js","statementMap":{"0":{"start":{"line":2,"column":20},"end":{"line":2,"column":47}},"1":{"start":{"line":3,"column":2},"end":{"line":3,"column":42}},"2":{"start":{"line":3,"column":33},"end":{"line":3,"column":42}},"3":{"start":{"line":5,"column":2},"end":{"line":5,"column":29}},"4":{"start":{"line":5,"column":20},"end":{"line":5,"column":29}},"5":{"start":{"line":7,"column":2},"end":{"line":7,"column":12}},"6":{"start":{"line":10,"column":0},"end":{"line":12,"column":2}}},"fnMap":{"0":{"name":"atm","decl":{"start":{"line":1,"column":9},"end":{"line":1,"column":12}},"loc":{"start":{"line":1,"column":20},"end":{"line":8,"column":1}},"line":1}},"branchMap":{"0":{"loc":{"start":{"line":3,"column":2},"end":{"line":3,"column":42}},"type":"if","locations":[{"start":{"line":3,"column":2},"end":{"line":3,"column":42}},{"start":{},"end":{}}],"line":3},"1":{"loc":{"start":{"line":5,"column":2},"end":{"line":5,"column":29}},"type":"if","locations":[{"start":{"line":5,"column":2},"end":{"line":5,"column":29}},{"start":{},"end":{}}],"line":5}},"s":{"0":4,"1":4,"2":2,"3":2,"4":1,"5":1,"6":1},"f":{"0":4},"b":{"0":[2,2],"1":[1,1]},"_coverageSchema":"1a1c01bbd47fc00a2c39e90264f33305004495a9","hash":"f372e598533deb6d74d783d4d9a17aec7a11de7e"}
}
